<?xml version="1.0" encoding="UTF-8"?>
<!-- Generated by org.testng.reporters.JUnitReportReporter -->
<testsuite hostname="DESKTOP-2GNJ49D" failures="0" tests="3" name="practise.HomePage" time="123.978" errors="0" timestamp="2022-07-07T22:14:39 GMT-07:00" skipped="0">
  <testcase classname="practise.HomePage" name="basePageNavigation" time="52.449"/>
  <system-out/>
  <testcase classname="practise.HomePage" name="basePageNavigation" time="38.280"/>
  <system-out/>
  <testcase classname="practise.HomePage" name="basePageNavigation" time="33.249"/>
  <system-out/>
</testsuite> <!-- practise.HomePage -->
