<?xml version="1.0" encoding="UTF-8"?>
<!-- Generated by org.testng.reporters.JUnitReportReporter -->
<testsuite hostname="DESKTOP-2GNJ49D" failures="0" tests="1" name="practise.BaseClass" time="0.013" errors="0" timestamp="2022-07-01T23:40:38 GMT-07:00" skipped="0">
  <testcase classname="practise.BaseClass" name="initialize_driver" time="0.013"/>
  <system-out/>
</testsuite> <!-- practise.BaseClass -->
