<?xml version="1.0" encoding="UTF-8"?>
<!-- Generated by org.testng.reporters.JUnitReportReporter -->
<testsuite hostname="DESKTOP-2GNJ49D" failures="0" tests="1" name="practise.Assertion" time="0.155" errors="0" timestamp="2022-07-07T21:57:05 GMT-07:00" skipped="0">
  <testcase classname="practise.Assertion" name="basePageAssertion" time="0.155"/>
  <system-out/>
</testsuite> <!-- practise.Assertion -->
